{"C:\\Users\\carlos.chamorro_prag\\Documents\\planning-poker-ts\\planning-poker-ts\\src\\App.tsx": {"path":"C:\\Users\\carlos.chamorro_prag\\Documents\\planning-poker-ts\\planning-poker-ts\\src\\App.tsx","statementMap":{"0":{"start":{"line":1,"column":0},"end":{"line":1,"column":61}},"1":{"start":{"line":2,"column":0},"end":{"line":2,"column":33}},"2":{"start":{"line":3,"column":0},"end":{"line":3,"column":72}},"3":{"start":{"line":4,"column":0},"end":{"line":4,"column":84}},"4":{"start":{"line":5,"column":0},"end":{"line":5,"column":81}},"5":{"start":{"line":8,"column":50},"end":{"line":8,"column":73}},"6":{"start":{"line":10,"column":2},"end":{"line":31,"column":4}},"7":{"start":{"line":34,"column":0},"end":{"line":34,"column":19}}},"fnMap":{"0":{"name":"App","decl":{"start":{"line":7,"column":9},"end":{"line":7,"column":12}},"loc":{"start":{"line":7,"column":12},"end":{"line":32,"column":1}}}},"branchMap":{"0":{"loc":{"start":{"line":17,"column":14},"end":{"line":23,"column":null}},"type":"cond-expr","locations":[{"start":{"line":18,"column":16},"end":{"line":20,"column":null}},{"start":{"line":23,"column":16},"end":{"line":23,"column":36}}]}},"s":{"0":0,"1":0,"2":0,"3":0,"4":0,"5":0,"6":0,"7":0},"f":{"0":0},"b":{"0":[0,0]}}
,"C:\\Users\\carlos.chamorro_prag\\Documents\\planning-poker-ts\\planning-poker-ts\\src\\app\\store.ts": {"path":"C:\\Users\\carlos.chamorro_prag\\Documents\\planning-poker-ts\\planning-poker-ts\\src\\app\\store.ts","statementMap":{"0":{"start":{"line":1,"column":0},"end":{"line":1,"column":50}},"1":{"start":{"line":2,"column":0},"end":{"line":2,"column":51}},"2":{"start":{"line":3,"column":0},"end":{"line":3,"column":51}},"3":{"start":{"line":5,"column":13},"end":{"line":10,"column":3}}},"fnMap":{},"branchMap":{},"s":{"0":0,"1":0,"2":0,"3":0},"f":{},"b":{}}
,"C:\\Users\\carlos.chamorro_prag\\Documents\\planning-poker-ts\\planning-poker-ts\\src\\components\\atoms\\Icons.tsx": {"path":"C:\\Users\\carlos.chamorro_prag\\Documents\\planning-poker-ts\\planning-poker-ts\\src\\components\\atoms\\Icons.tsx","statementMap":{"0":{"start":{"line":5,"column":46},"end":{"line":40,"column":1}},"1":{"start":{"line":6,"column":2},"end":{"line":39,"column":4}},"2":{"start":{"line":141,"column":9},"end":{"line":141,"column":19}},"3":{"start":{"line":42,"column":13},"end":{"line":92,"column":1}},"4":{"start":{"line":43,"column":2},"end":{"line":91,"column":4}},"5":{"start":{"line":141,"column":21},"end":{"line":141,"column":25}},"6":{"start":{"line":94,"column":44},"end":{"line":104,"column":1}},"7":{"start":{"line":95,"column":2},"end":{"line":103,"column":4}},"8":{"start":{"line":141,"column":27},"end":{"line":141,"column":35}},"9":{"start":{"line":106,"column":17},"end":{"line":131,"column":1}},"10":{"start":{"line":107,"column":2},"end":{"line":130,"column":4}},"11":{"start":{"line":141,"column":37},"end":{"line":141,"column":45}},"12":{"start":{"line":133,"column":17},"end":{"line":139,"column":1}},"13":{"start":{"line":134,"column":2},"end":{"line":138,"column":4}},"14":{"start":{"line":141,"column":47},"end":{"line":141,"column":55}}},"fnMap":{"0":{"name":"(anonymous_0)","decl":{"start":{"line":5,"column":46},"end":{"line":5,"column":47}},"loc":{"start":{"line":5,"column":64},"end":{"line":40,"column":1}}},"1":{"name":"(anonymous_1)","decl":{"start":{"line":42,"column":13},"end":{"line":42,"column":16}},"loc":{"start":{"line":42,"column":18},"end":{"line":92,"column":1}}},"2":{"name":"(anonymous_2)","decl":{"start":{"line":94,"column":44},"end":{"line":94,"column":45}},"loc":{"start":{"line":94,"column":62},"end":{"line":104,"column":1}}},"3":{"name":"(anonymous_3)","decl":{"start":{"line":106,"column":17},"end":{"line":106,"column":20}},"loc":{"start":{"line":106,"column":22},"end":{"line":131,"column":1}}},"4":{"name":"(anonymous_4)","decl":{"start":{"line":133,"column":17},"end":{"line":133,"column":20}},"loc":{"start":{"line":133,"column":22},"end":{"line":139,"column":1}}}},"branchMap":{"0":{"loc":{"start":{"line":13,"column":17},"end":{"line":13,"column":39}},"type":"binary-expr","locations":[{"start":{"line":13,"column":17},"end":{"line":13,"column":26}},{"start":{"line":13,"column":30},"end":{"line":13,"column":39}}]},"1":{"loc":{"start":{"line":99,"column":17},"end":{"line":99,"column":43}},"type":"cond-expr","locations":[{"start":{"line":99,"column":29},"end":{"line":99,"column":38}},{"start":{"line":99,"column":41},"end":{"line":99,"column":43}}]}},"s":{"0":0,"1":0,"2":0,"3":0,"4":0,"5":0,"6":0,"7":0,"8":0,"9":0,"10":0,"11":0,"12":0,"13":0,"14":0},"f":{"0":0,"1":0,"2":0,"3":0,"4":0},"b":{"0":[0,0],"1":[0,0]}}
,"C:\\Users\\carlos.chamorro_prag\\Documents\\planning-poker-ts\\planning-poker-ts\\src\\components\\atoms\\ButtonSubmit\\ButtonSubmit.tsx": {"path":"C:\\Users\\carlos.chamorro_prag\\Documents\\planning-poker-ts\\planning-poker-ts\\src\\components\\atoms\\ButtonSubmit\\ButtonSubmit.tsx","statementMap":{"0":{"start":{"line":8,"column":44},"end":{"line":17,"column":1}},"1":{"start":{"line":12,"column":2},"end":{"line":16,"column":4}},"2":{"start":{"line":19,"column":0},"end":{"line":19,"column":28}}},"fnMap":{"0":{"name":"(anonymous_0)","decl":{"start":{"line":8,"column":44},"end":{"line":8,"column":45}},"loc":{"start":{"line":11,"column":5},"end":{"line":17,"column":1}}}},"branchMap":{"0":{"loc":{"start":{"line":9,"column":2},"end":{"line":9,"column":18}},"type":"default-arg","locations":[{"start":{"line":9,"column":13},"end":{"line":9,"column":18}}]}},"s":{"0":0,"1":0,"2":0},"f":{"0":0},"b":{"0":[0]}}
,"C:\\Users\\carlos.chamorro_prag\\Documents\\planning-poker-ts\\planning-poker-ts\\src\\components\\atoms\\Louder\\Louder.tsx": {"path":"C:\\Users\\carlos.chamorro_prag\\Documents\\planning-poker-ts\\planning-poker-ts\\src\\components\\atoms\\Louder\\Louder.tsx","statementMap":{"0":{"start":{"line":1,"column":0},"end":{"line":1,"column":44}},"1":{"start":{"line":2,"column":0},"end":{"line":2,"column":23}},"2":{"start":{"line":4,"column":15},"end":{"line":46,"column":1}},"3":{"start":{"line":5,"column":27},"end":{"line":10,"column":4}},"4":{"start":{"line":12,"column":36},"end":{"line":12,"column":62}},"5":{"start":{"line":14,"column":2},"end":{"line":24,"column":9}},"6":{"start":{"line":15,"column":21},"end":{"line":21,"column":11}},"7":{"start":{"line":16,"column":6},"end":{"line":20,"column":9}},"8":{"start":{"line":18,"column":29},"end":{"line":18,"column":77}},"9":{"start":{"line":19,"column":8},"end":{"line":19,"column":28}},"10":{"start":{"line":23,"column":4},"end":{"line":23,"column":41}},"11":{"start":{"line":23,"column":17},"end":{"line":23,"column":40}},"12":{"start":{"line":26,"column":2},"end":{"line":45,"column":4}},"13":{"start":{"line":36,"column":8},"end":{"line":37,"column":null}},"14":{"start":{"line":48,"column":0},"end":{"line":48,"column":22}}},"fnMap":{"0":{"name":"(anonymous_0)","decl":{"start":{"line":4,"column":15},"end":{"line":4,"column":18}},"loc":{"start":{"line":4,"column":20},"end":{"line":46,"column":1}}},"1":{"name":"(anonymous_1)","decl":{"start":{"line":14,"column":12},"end":{"line":14,"column":15}},"loc":{"start":{"line":14,"column":17},"end":{"line":24,"column":3}}},"2":{"name":"(anonymous_2)","decl":{"start":{"line":15,"column":33},"end":{"line":15,"column":36}},"loc":{"start":{"line":15,"column":38},"end":{"line":21,"column":5}}},"3":{"name":"(anonymous_3)","decl":{"start":{"line":16,"column":19},"end":{"line":16,"column":20}},"loc":{"start":{"line":16,"column":37},"end":{"line":20,"column":7}}},"4":{"name":"(anonymous_4)","decl":{"start":{"line":23,"column":11},"end":{"line":23,"column":14}},"loc":{"start":{"line":23,"column":17},"end":{"line":23,"column":40}}},"5":{"name":"(anonymous_5)","decl":{"start":{"line":35,"column":21},"end":{"line":35,"column":22}},"loc":{"start":{"line":36,"column":8},"end":{"line":37,"column":null}}}},"branchMap":{},"s":{"0":1,"1":1,"2":1,"3":1,"4":1,"5":1,"6":1,"7":0,"8":0,"9":0,"10":1,"11":1,"12":1,"13":4,"14":1},"f":{"0":1,"1":1,"2":0,"3":0,"4":1,"5":4},"b":{}}
,"C:\\Users\\carlos.chamorro_prag\\Documents\\planning-poker-ts\\planning-poker-ts\\src\\components\\atoms\\LouderTable\\LouderTable.tsx": {"path":"C:\\Users\\carlos.chamorro_prag\\Documents\\planning-poker-ts\\planning-poker-ts\\src\\components\\atoms\\LouderTable\\LouderTable.tsx","statementMap":{"0":{"start":{"line":1,"column":0},"end":{"line":1,"column":38}},"1":{"start":{"line":2,"column":0},"end":{"line":2,"column":27}},"2":{"start":{"line":4,"column":20},"end":{"line":11,"column":1}},"3":{"start":{"line":5,"column":2},"end":{"line":10,"column":4}},"4":{"start":{"line":13,"column":0},"end":{"line":13,"column":27}}},"fnMap":{"0":{"name":"(anonymous_0)","decl":{"start":{"line":4,"column":20},"end":{"line":4,"column":23}},"loc":{"start":{"line":4,"column":25},"end":{"line":11,"column":1}}}},"branchMap":{},"s":{"0":0,"1":0,"2":0,"3":0,"4":0},"f":{"0":0},"b":{}}
,"C:\\Users\\carlos.chamorro_prag\\Documents\\planning-poker-ts\\planning-poker-ts\\src\\components\\molecules\\ModalCopyLinkContent\\ModalCopyLinkContent.tsx": {"path":"C:\\Users\\carlos.chamorro_prag\\Documents\\planning-poker-ts\\planning-poker-ts\\src\\components\\molecules\\ModalCopyLinkContent\\ModalCopyLinkContent.tsx","statementMap":{"0":{"start":{"line":1,"column":0},"end":{"line":1,"column":57}},"1":{"start":{"line":2,"column":0},"end":{"line":2,"column":47}},"2":{"start":{"line":3,"column":0},"end":{"line":3,"column":47}},"3":{"start":{"line":4,"column":0},"end":{"line":4,"column":45}},"4":{"start":{"line":5,"column":0},"end":{"line":5,"column":37}},"5":{"start":{"line":7,"column":31},"end":{"line":15,"column":2}},"6":{"start":{"line":7,"column":78},"end":{"line":15,"column":2}},"7":{"start":{"line":8,"column":2},"end":{"line":14,"column":3}},"8":{"start":{"line":9,"column":4},"end":{"line":9,"column":52}},"9":{"start":{"line":10,"column":4},"end":{"line":10,"column":16}},"10":{"start":{"line":12,"column":4},"end":{"line":12,"column":53}},"11":{"start":{"line":13,"column":4},"end":{"line":13,"column":17}},"12":{"start":{"line":7,"column":13},"end":{"line":7,"column":31}},"13":{"start":{"line":21,"column":66},"end":{"line":62,"column":1}},"14":{"start":{"line":24,"column":24},"end":{"line":24,"column":44}},"15":{"start":{"line":25,"column":34},"end":{"line":25,"column":58}},"16":{"start":{"line":26,"column":19},"end":{"line":26,"column":32}},"17":{"start":{"line":28,"column":2},"end":{"line":30,"column":26}},"18":{"start":{"line":29,"column":4},"end":{"line":29,"column":55}},"19":{"start":{"line":32,"column":22},"end":{"line":39,"column":4}},"20":{"start":{"line":32,"column":33},"end":{"line":39,"column":4}},"21":{"start":{"line":33,"column":4},"end":{"line":38,"column":5}},"22":{"start":{"line":34,"column":6},"end":{"line":34,"column":24}},"23":{"start":{"line":35,"column":6},"end":{"line":37,"column":14}},"24":{"start":{"line":36,"column":8},"end":{"line":36,"column":27}},"25":{"start":{"line":41,"column":28},"end":{"line":43,"column":3}},"26":{"start":{"line":42,"column":4},"end":{"line":42,"column":31}},"27":{"start":{"line":45,"column":2},"end":{"line":61,"column":4}},"28":{"start":{"line":64,"column":0},"end":{"line":64,"column":36}}},"fnMap":{"0":{"name":"(anonymous_7)","decl":{"start":{"line":7,"column":31},"end":{"line":7,"column":38}},"loc":{"start":{"line":7,"column":78},"end":{"line":15,"column":2}}},"1":{"name":"(anonymous_8)","decl":{"start":{"line":7,"column":78},"end":{"line":7,"column":null}},"loc":{"start":{"line":7,"column":78},"end":{"line":15,"column":1}}},"2":{"name":"(anonymous_9)","decl":{"start":{"line":21,"column":66},"end":{"line":21,"column":67}},"loc":{"start":{"line":23,"column":5},"end":{"line":62,"column":1}}},"3":{"name":"(anonymous_10)","decl":{"start":{"line":28,"column":12},"end":{"line":28,"column":15}},"loc":{"start":{"line":28,"column":17},"end":{"line":30,"column":3}}},"4":{"name":"(anonymous_11)","decl":{"start":{"line":32,"column":22},"end":{"line":32,"column":31}},"loc":{"start":{"line":32,"column":33},"end":{"line":39,"column":4}}},"5":{"name":"(anonymous_12)","decl":{"start":{"line":32,"column":33},"end":{"line":32,"column":null}},"loc":{"start":{"line":32,"column":33},"end":{"line":39,"column":3}}},"6":{"name":"(anonymous_13)","decl":{"start":{"line":35,"column":17},"end":{"line":35,"column":20}},"loc":{"start":{"line":35,"column":22},"end":{"line":37,"column":7}}},"7":{"name":"(anonymous_14)","decl":{"start":{"line":41,"column":28},"end":{"line":41,"column":29}},"loc":{"start":{"line":41,"column":69},"end":{"line":43,"column":3}}}},"branchMap":{"0":{"loc":{"start":{"line":33,"column":4},"end":{"line":38,"column":5}},"type":"if","locations":[{"start":{"line":33,"column":4},"end":{"line":38,"column":5}}]},"1":{"loc":{"start":{"line":57,"column":11},"end":{"line":57,"column":47}},"type":"cond-expr","locations":[{"start":{"line":57,"column":22},"end":{"line":57,"column":31}},{"start":{"line":57,"column":34},"end":{"line":57,"column":47}}]}},"s":{"0":0,"1":0,"2":0,"3":0,"4":0,"5":0,"6":0,"7":0,"8":0,"9":0,"10":0,"11":0,"12":0,"13":0,"14":0,"15":0,"16":0,"17":0,"18":0,"19":0,"20":0,"21":0,"22":0,"23":0,"24":0,"25":0,"26":0,"27":0,"28":0},"f":{"0":0,"1":0,"2":0,"3":0,"4":0,"5":0,"6":0,"7":0},"b":{"0":[0],"1":[0,0]}}
,"C:\\Users\\carlos.chamorro_prag\\Documents\\planning-poker-ts\\planning-poker-ts\\src\\components\\organisms\\HeaderHome\\HeaderHome.tsx": {"path":"C:\\Users\\carlos.chamorro_prag\\Documents\\planning-poker-ts\\planning-poker-ts\\src\\components\\organisms\\HeaderHome\\HeaderHome.tsx","statementMap":{"0":{"start":{"line":1,"column":0},"end":{"line":1,"column":47}},"1":{"start":{"line":2,"column":0},"end":{"line":2,"column":27}},"2":{"start":{"line":3,"column":29},"end":{"line":12,"column":1}},"3":{"start":{"line":4,"column":2},"end":{"line":11,"column":4}},"4":{"start":{"line":14,"column":0},"end":{"line":14,"column":26}}},"fnMap":{"0":{"name":"(anonymous_0)","decl":{"start":{"line":3,"column":29},"end":{"line":3,"column":32}},"loc":{"start":{"line":3,"column":34},"end":{"line":12,"column":1}}}},"branchMap":{},"s":{"0":0,"1":0,"2":0,"3":0,"4":0},"f":{"0":0},"b":{}}
,"C:\\Users\\carlos.chamorro_prag\\Documents\\planning-poker-ts\\planning-poker-ts\\src\\components\\pages\\SplashScreen\\SplashScreen.tsx": {"path":"C:\\Users\\carlos.chamorro_prag\\Documents\\planning-poker-ts\\planning-poker-ts\\src\\components\\pages\\SplashScreen\\SplashScreen.tsx","statementMap":{"0":{"start":{"line":1,"column":0},"end":{"line":1,"column":34}},"1":{"start":{"line":2,"column":0},"end":{"line":2,"column":53}},"2":{"start":{"line":3,"column":0},"end":{"line":3,"column":29}},"3":{"start":{"line":10,"column":50},"end":{"line":28,"column":1}},"4":{"start":{"line":14,"column":2},"end":{"line":20,"column":46}},"5":{"start":{"line":15,"column":18},"end":{"line":17,"column":12}},"6":{"start":{"line":16,"column":6},"end":{"line":16,"column":33}},"7":{"start":{"line":19,"column":4},"end":{"line":19,"column":37}},"8":{"start":{"line":19,"column":17},"end":{"line":19,"column":36}},"9":{"start":{"line":22,"column":2},"end":{"line":27,"column":4}},"10":{"start":{"line":30,"column":0},"end":{"line":30,"column":28}}},"fnMap":{"0":{"name":"(anonymous_0)","decl":{"start":{"line":10,"column":50},"end":{"line":10,"column":51}},"loc":{"start":{"line":13,"column":5},"end":{"line":28,"column":1}}},"1":{"name":"(anonymous_1)","decl":{"start":{"line":14,"column":12},"end":{"line":14,"column":15}},"loc":{"start":{"line":14,"column":17},"end":{"line":20,"column":3}}},"2":{"name":"(anonymous_2)","decl":{"start":{"line":15,"column":29},"end":{"line":15,"column":32}},"loc":{"start":{"line":15,"column":34},"end":{"line":17,"column":5}}},"3":{"name":"(anonymous_3)","decl":{"start":{"line":19,"column":11},"end":{"line":19,"column":14}},"loc":{"start":{"line":19,"column":17},"end":{"line":19,"column":36}}}},"branchMap":{},"s":{"0":0,"1":0,"2":0,"3":0,"4":0,"5":0,"6":0,"7":0,"8":0,"9":0,"10":0},"f":{"0":0,"1":0,"2":0,"3":0},"b":{}}
,"C:\\Users\\carlos.chamorro_prag\\Documents\\planning-poker-ts\\planning-poker-ts\\src\\hooks\\useForm.tsx": {"path":"C:\\Users\\carlos.chamorro_prag\\Documents\\planning-poker-ts\\planning-poker-ts\\src\\hooks\\useForm.tsx","statementMap":{"0":{"start":{"line":8,"column":0},"end":{"line":8,"column":16}},"1":{"start":{"line":1,"column":0},"end":{"line":1,"column":55}},"2":{"start":{"line":12,"column":36},"end":{"line":12,"column":62}},"3":{"start":{"line":13,"column":32},"end":{"line":13,"column":47}},"4":{"start":{"line":14,"column":42},"end":{"line":15,"column":null}},"5":{"start":{"line":18,"column":2},"end":{"line":33,"column":28}},"6":{"start":{"line":19,"column":20},"end":{"line":30,"column":6}},"7":{"start":{"line":19,"column":31},"end":{"line":30,"column":6}},"8":{"start":{"line":20,"column":6},"end":{"line":29,"column":7}},"9":{"start":{"line":21,"column":8},"end":{"line":28,"column":9}},"10":{"start":{"line":22,"column":10},"end":{"line":22,"column":36}},"11":{"start":{"line":23,"column":10},"end":{"line":23,"column":28}},"12":{"start":{"line":24,"column":10},"end":{"line":24,"column":57}},"13":{"start":{"line":26,"column":10},"end":{"line":26,"column":27}},"14":{"start":{"line":27,"column":10},"end":{"line":27,"column":34}},"15":{"start":{"line":32,"column":4},"end":{"line":32,"column":14}},"16":{"start":{"line":35,"column":23},"end":{"line":42,"column":3}},"17":{"start":{"line":36,"column":50},"end":{"line":36,"column":69}},"18":{"start":{"line":37,"column":4},"end":{"line":41,"column":8}},"19":{"start":{"line":37,"column":36},"end":{"line":40,"column":null}},"20":{"start":{"line":44,"column":26},"end":{"line":44,"column":59}},"21":{"start":{"line":44,"column":32},"end":{"line":44,"column":59}},"22":{"start":{"line":45,"column":26},"end":{"line":46,"column":46}},"23":{"start":{"line":46,"column":4},"end":{"line":46,"column":46}},"24":{"start":{"line":48,"column":2},"end":{"line":55,"column":4}}},"fnMap":{"0":{"name":"useForm","decl":{"start":{"line":8,"column":16},"end":{"line":8,"column":23}},"loc":{"start":{"line":11,"column":18},"end":{"line":56,"column":1}}},"1":{"name":"(anonymous_8)","decl":{"start":{"line":18,"column":12},"end":{"line":18,"column":15}},"loc":{"start":{"line":18,"column":17},"end":{"line":33,"column":3}}},"2":{"name":"(anonymous_9)","decl":{"start":{"line":19,"column":20},"end":{"line":19,"column":29}},"loc":{"start":{"line":19,"column":31},"end":{"line":30,"column":6}}},"3":{"name":"(anonymous_10)","decl":{"start":{"line":19,"column":31},"end":{"line":19,"column":null}},"loc":{"start":{"line":19,"column":31},"end":{"line":30,"column":5}}},"4":{"name":"(anonymous_11)","decl":{"start":{"line":35,"column":23},"end":{"line":35,"column":24}},"loc":{"start":{"line":35,"column":62},"end":{"line":42,"column":3}}},"5":{"name":"(anonymous_12)","decl":{"start":{"line":37,"column":17},"end":{"line":37,"column":18}},"loc":{"start":{"line":37,"column":36},"end":{"line":40,"column":null}}},"6":{"name":"(anonymous_13)","decl":{"start":{"line":44,"column":26},"end":{"line":44,"column":29}},"loc":{"start":{"line":44,"column":32},"end":{"line":44,"column":59}}},"7":{"name":"(anonymous_14)","decl":{"start":{"line":45,"column":26},"end":{"line":45,"column":27}},"loc":{"start":{"line":46,"column":4},"end":{"line":46,"column":46}}}},"branchMap":{"0":{"loc":{"start":{"line":20,"column":6},"end":{"line":29,"column":7}},"type":"if","locations":[{"start":{"line":20,"column":6},"end":{"line":29,"column":7}}]},"1":{"loc":{"start":{"line":40,"column":8},"end":{"line":40,"column":76}},"type":"cond-expr","locations":[{"start":{"line":40,"column":30},"end":{"line":40,"column":37}},{"start":{"line":40,"column":40},"end":{"line":40,"column":76}}]},"2":{"loc":{"start":{"line":40,"column":40},"end":{"line":40,"column":76}},"type":"cond-expr","locations":[{"start":{"line":40,"column":58},"end":{"line":40,"column":68}},{"start":{"line":40,"column":71},"end":{"line":40,"column":76}}]},"3":{"loc":{"start":{"line":40,"column":58},"end":{"line":40,"column":68}},"type":"cond-expr","locations":[{"start":{"line":40,"column":63},"end":{"line":40,"column":66}},{"start":{"line":40,"column":58},"end":{"line":40,"column":68}}]},"4":{"loc":{"start":{"line":40,"column":58},"end":{"line":40,"column":66}},"type":"binary-expr","locations":[{"start":{"line":40,"column":58},"end":{"line":40,"column":66}},{"start":{"line":40,"column":58},"end":{"line":40,"column":66}}]}},"s":{"0":0,"1":0,"2":0,"3":0,"4":0,"5":0,"6":0,"7":0,"8":0,"9":0,"10":0,"11":0,"12":0,"13":0,"14":0,"15":0,"16":0,"17":0,"18":0,"19":0,"20":0,"21":0,"22":0,"23":0,"24":0},"f":{"0":0,"1":0,"2":0,"3":0,"4":0,"5":0,"6":0,"7":0},"b":{"0":[0],"1":[0,0],"2":[0,0],"3":[0,0],"4":[0,0]}}
,"C:\\Users\\carlos.chamorro_prag\\Documents\\planning-poker-ts\\planning-poker-ts\\src\\hooks\\useModal.tsx": {"path":"C:\\Users\\carlos.chamorro_prag\\Documents\\planning-poker-ts\\planning-poker-ts\\src\\hooks\\useModal.tsx","statementMap":{"0":{"start":{"line":1,"column":0},"end":{"line":1,"column":33}},"1":{"start":{"line":3,"column":17},"end":{"line":9,"column":1}},"2":{"start":{"line":4,"column":36},"end":{"line":4,"column":67}},"3":{"start":{"line":6,"column":26},"end":{"line":6,"column":56}},"4":{"start":{"line":6,"column":32},"end":{"line":6,"column":56}},"5":{"start":{"line":8,"column":2},"end":{"line":8,"column":38}},"6":{"start":{"line":11,"column":0},"end":{"line":11,"column":24}}},"fnMap":{"0":{"name":"(anonymous_0)","decl":{"start":{"line":3,"column":17},"end":{"line":3,"column":18}},"loc":{"start":{"line":3,"column":74},"end":{"line":9,"column":1}}},"1":{"name":"(anonymous_1)","decl":{"start":{"line":6,"column":26},"end":{"line":6,"column":29}},"loc":{"start":{"line":6,"column":32},"end":{"line":6,"column":56}}}},"branchMap":{"0":{"loc":{"start":{"line":3,"column":18},"end":{"line":3,"column":47}},"type":"default-arg","locations":[{"start":{"line":3,"column":42},"end":{"line":3,"column":47}}]}},"s":{"0":0,"1":0,"2":0,"3":0,"4":0,"5":0,"6":0},"f":{"0":0,"1":0},"b":{"0":[0]}}
,"C:\\Users\\carlos.chamorro_prag\\Documents\\planning-poker-ts\\planning-poker-ts\\src\\reducers\\game\\gameSlice.ts": {"path":"C:\\Users\\carlos.chamorro_prag\\Documents\\planning-poker-ts\\planning-poker-ts\\src\\reducers\\game\\gameSlice.ts","statementMap":{"0":{"start":{"line":1,"column":0},"end":{"line":1,"column":62}},"1":{"start":{"line":38,"column":32},"end":{"line":123,"column":2}},"2":{"start":{"line":125,"column":18},"end":{"line":239,"column":2}},"3":{"start":{"line":133,"column":6},"end":{"line":133,"column":47}},"4":{"start":{"line":134,"column":6},"end":{"line":134,"column":30}},"5":{"start":{"line":135,"column":6},"end":{"line":135,"column":65}},"6":{"start":{"line":136,"column":6},"end":{"line":136,"column":64}},"7":{"start":{"line":137,"column":6},"end":{"line":137,"column":56}},"8":{"start":{"line":138,"column":6},"end":{"line":143,"column":8}},"9":{"start":{"line":146,"column":27},"end":{"line":146,"column":41}},"10":{"start":{"line":147,"column":6},"end":{"line":149,"column":8}},"11":{"start":{"line":148,"column":8},"end":{"line":148,"column":47}},"12":{"start":{"line":150,"column":6},"end":{"line":150,"column":59}},"13":{"start":{"line":153,"column":27},"end":{"line":153,"column":41}},"14":{"start":{"line":154,"column":6},"end":{"line":156,"column":8}},"15":{"start":{"line":155,"column":8},"end":{"line":155,"column":62}},"16":{"start":{"line":164,"column":6},"end":{"line":164,"column":35}},"17":{"start":{"line":167,"column":28},"end":{"line":169,"column":14}},"18":{"start":{"line":168,"column":8},"end":{"line":168,"column":37}},"19":{"start":{"line":170,"column":20},"end":{"line":170,"column":46}},"20":{"start":{"line":171,"column":6},"end":{"line":173,"column":7}},"21":{"start":{"line":172,"column":8},"end":{"line":172,"column":44}},"22":{"start":{"line":176,"column":60},"end":{"line":176,"column":62}},"23":{"start":{"line":177,"column":22},"end":{"line":177,"column":23}},"24":{"start":{"line":179,"column":6},"end":{"line":189,"column":9}},"25":{"start":{"line":180,"column":33},"end":{"line":180,"column":37}},"26":{"start":{"line":182,"column":8},"end":{"line":186,"column":9}},"27":{"start":{"line":183,"column":10},"end":{"line":183,"column":28}},"28":{"start":{"line":185,"column":10},"end":{"line":185,"column":51}},"29":{"start":{"line":188,"column":8},"end":{"line":188,"column":27}},"30":{"start":{"line":191,"column":28},"end":{"line":191,"column":66}},"31":{"start":{"line":192,"column":6},"end":{"line":192,"column":78}},"32":{"start":{"line":195,"column":6},"end":{"line":195,"column":30}},"33":{"start":{"line":196,"column":6},"end":{"line":196,"column":31}},"34":{"start":{"line":197,"column":6},"end":{"line":197,"column":48}},"35":{"start":{"line":198,"column":6},"end":{"line":198,"column":73}},"36":{"start":{"line":198,"column":47},"end":{"line":198,"column":71}},"37":{"start":{"line":201,"column":6},"end":{"line":201,"column":57}},"38":{"start":{"line":204,"column":17},"end":{"line":204,"column":31}},"39":{"start":{"line":205,"column":19},"end":{"line":205,"column":57}},"40":{"start":{"line":205,"column":45},"end":{"line":205,"column":56}},"41":{"start":{"line":206,"column":6},"end":{"line":206,"column":24}},"42":{"start":{"line":206,"column":17},"end":{"line":206,"column":24}},"43":{"start":{"line":208,"column":25},"end":{"line":211,"column":7}},"44":{"start":{"line":209,"column":22},"end":{"line":209,"column":44}},"45":{"start":{"line":210,"column":8},"end":{"line":210,"column":68}},"46":{"start":{"line":213,"column":6},"end":{"line":213,"column":26}},"47":{"start":{"line":214,"column":6},"end":{"line":214,"column":27}},"48":{"start":{"line":216,"column":6},"end":{"line":216,"column":73}},"49":{"start":{"line":216,"column":48},"end":{"line":216,"column":70}},"50":{"start":{"line":217,"column":28},"end":{"line":219,"column":14}},"51":{"start":{"line":218,"column":8},"end":{"line":218,"column":37}},"52":{"start":{"line":221,"column":6},"end":{"line":223,"column":7}},"53":{"start":{"line":222,"column":8},"end":{"line":222,"column":44}},"54":{"start":{"line":227,"column":23},"end":{"line":227,"column":37}},"55":{"start":{"line":230,"column":6},"end":{"line":232,"column":8}},"56":{"start":{"line":231,"column":8},"end":{"line":231,"column":66}},"57":{"start":{"line":235,"column":6},"end":{"line":235,"column":34}},"58":{"start":{"line":236,"column":6},"end":{"line":236,"column":59}},"59":{"start":{"line":241,"column":13},"end":{"line":252,"column":null}},"60":{"start":{"line":255,"column":0},"end":{"line":255,"column":33}}},"fnMap":{"0":{"name":"(anonymous_0)","decl":{"start":{"line":129,"column":16},"end":{"line":129,"column":null}},"loc":{"start":{"line":132,"column":8},"end":{"line":144,"column":5}}},"1":{"name":"(anonymous_1)","decl":{"start":{"line":145,"column":16},"end":{"line":145,"column":17}},"loc":{"start":{"line":145,"column":77},"end":{"line":151,"column":5}}},"2":{"name":"(anonymous_2)","decl":{"start":{"line":147,"column":40},"end":{"line":147,"column":41}},"loc":{"start":{"line":148,"column":8},"end":{"line":148,"column":47}}},"3":{"name":"(anonymous_3)","decl":{"start":{"line":152,"column":15},"end":{"line":152,"column":16}},"loc":{"start":{"line":152,"column":76},"end":{"line":157,"column":5}}},"4":{"name":"(anonymous_4)","decl":{"start":{"line":154,"column":40},"end":{"line":154,"column":41}},"loc":{"start":{"line":155,"column":8},"end":{"line":155,"column":62}}},"5":{"name":"(anonymous_5)","decl":{"start":{"line":158,"column":21},"end":{"line":158,"column":null}},"loc":{"start":{"line":163,"column":8},"end":{"line":165,"column":5}}},"6":{"name":"(anonymous_6)","decl":{"start":{"line":166,"column":19},"end":{"line":166,"column":20}},"loc":{"start":{"line":166,"column":29},"end":{"line":174,"column":5}}},"7":{"name":"(anonymous_7)","decl":{"start":{"line":167,"column":49},"end":{"line":167,"column":50}},"loc":{"start":{"line":168,"column":8},"end":{"line":168,"column":37}}},"8":{"name":"(anonymous_8)","decl":{"start":{"line":175,"column":26},"end":{"line":175,"column":27}},"loc":{"start":{"line":175,"column":36},"end":{"line":193,"column":5}}},"9":{"name":"(anonymous_9)","decl":{"start":{"line":179,"column":34},"end":{"line":179,"column":35}},"loc":{"start":{"line":179,"column":43},"end":{"line":189,"column":7}}},"10":{"name":"(anonymous_10)","decl":{"start":{"line":194,"column":17},"end":{"line":194,"column":18}},"loc":{"start":{"line":194,"column":27},"end":{"line":199,"column":5}}},"11":{"name":"(anonymous_11)","decl":{"start":{"line":198,"column":40},"end":{"line":198,"column":41}},"loc":{"start":{"line":198,"column":47},"end":{"line":198,"column":71}}},"12":{"name":"(anonymous_12)","decl":{"start":{"line":200,"column":15},"end":{"line":200,"column":16}},"loc":{"start":{"line":200,"column":56},"end":{"line":202,"column":5}}},"13":{"name":"(anonymous_13)","decl":{"start":{"line":203,"column":17},"end":{"line":203,"column":18}},"loc":{"start":{"line":203,"column":58},"end":{"line":224,"column":5}}},"14":{"name":"(anonymous_14)","decl":{"start":{"line":205,"column":38},"end":{"line":205,"column":39}},"loc":{"start":{"line":205,"column":45},"end":{"line":205,"column":56}}},"15":{"name":"(anonymous_15)","decl":{"start":{"line":208,"column":25},"end":{"line":208,"column":26}},"loc":{"start":{"line":208,"column":42},"end":{"line":211,"column":7}}},"16":{"name":"(anonymous_16)","decl":{"start":{"line":216,"column":40},"end":{"line":216,"column":41}},"loc":{"start":{"line":216,"column":48},"end":{"line":216,"column":70}}},"17":{"name":"(anonymous_17)","decl":{"start":{"line":217,"column":49},"end":{"line":217,"column":50}},"loc":{"start":{"line":218,"column":8},"end":{"line":218,"column":37}}},"18":{"name":"(anonymous_18)","decl":{"start":{"line":226,"column":17},"end":{"line":226,"column":18}},"loc":{"start":{"line":226,"column":58},"end":{"line":233,"column":5}}},"19":{"name":"(anonymous_19)","decl":{"start":{"line":230,"column":40},"end":{"line":230,"column":41}},"loc":{"start":{"line":231,"column":8},"end":{"line":231,"column":66}}},"20":{"name":"(anonymous_20)","decl":{"start":{"line":234,"column":21},"end":{"line":234,"column":22}},"loc":{"start":{"line":234,"column":62},"end":{"line":237,"column":5}}}},"branchMap":{"0":{"loc":{"start":{"line":148,"column":8},"end":{"line":148,"column":47}},"type":"cond-expr","locations":[{"start":{"line":148,"column":21},"end":{"line":148,"column":44}},{"start":{"line":148,"column":46},"end":{"line":148,"column":47}}]},"1":{"loc":{"start":{"line":155,"column":8},"end":{"line":155,"column":62}},"type":"cond-expr","locations":[{"start":{"line":155,"column":26},"end":{"line":155,"column":54}},{"start":{"line":155,"column":56},"end":{"line":155,"column":62}}]},"2":{"loc":{"start":{"line":171,"column":6},"end":{"line":173,"column":7}},"type":"if","locations":[{"start":{"line":171,"column":6},"end":{"line":173,"column":7}}]},"3":{"loc":{"start":{"line":182,"column":8},"end":{"line":186,"column":9}},"type":"if","locations":[{"start":{"line":182,"column":8},"end":{"line":186,"column":9}},{"start":{"line":184,"column":15},"end":{"line":186,"column":9}}]},"4":{"loc":{"start":{"line":206,"column":6},"end":{"line":206,"column":24}},"type":"if","locations":[{"start":{"line":206,"column":6},"end":{"line":206,"column":24}}]},"5":{"loc":{"start":{"line":210,"column":8},"end":{"line":210,"column":67}},"type":"cond-expr","locations":[{"start":{"line":210,"column":20},"end":{"line":210,"column":39}},{"start":{"line":210,"column":42},"end":{"line":210,"column":67}}]},"6":{"loc":{"start":{"line":216,"column":48},"end":{"line":216,"column":70}},"type":"cond-expr","locations":[{"start":{"line":216,"column":62},"end":{"line":216,"column":66}},{"start":{"line":216,"column":69},"end":{"line":216,"column":70}}]},"7":{"loc":{"start":{"line":221,"column":6},"end":{"line":223,"column":7}},"type":"if","locations":[{"start":{"line":221,"column":6},"end":{"line":223,"column":7}}]},"8":{"loc":{"start":{"line":231,"column":8},"end":{"line":231,"column":66}},"type":"cond-expr","locations":[{"start":{"line":231,"column":27},"end":{"line":231,"column":63}},{"start":{"line":231,"column":65},"end":{"line":231,"column":66}}]}},"s":{"0":0,"1":0,"2":0,"3":0,"4":0,"5":0,"6":0,"7":0,"8":0,"9":0,"10":0,"11":0,"12":0,"13":0,"14":0,"15":0,"16":0,"17":0,"18":0,"19":0,"20":0,"21":0,"22":0,"23":0,"24":0,"25":0,"26":0,"27":0,"28":0,"29":0,"30":0,"31":0,"32":0,"33":0,"34":0,"35":0,"36":0,"37":0,"38":0,"39":0,"40":0,"41":0,"42":0,"43":0,"44":0,"45":0,"46":0,"47":0,"48":0,"49":0,"50":0,"51":0,"52":0,"53":0,"54":0,"55":0,"56":0,"57":0,"58":0,"59":0,"60":0},"f":{"0":0,"1":0,"2":0,"3":0,"4":0,"5":0,"6":0,"7":0,"8":0,"9":0,"10":0,"11":0,"12":0,"13":0,"14":0,"15":0,"16":0,"17":0,"18":0,"19":0,"20":0},"b":{"0":[0,0],"1":[0,0],"2":[0],"3":[0,0],"4":[0],"5":[0,0],"6":[0,0],"7":[0],"8":[0,0]}}
,"C:\\Users\\carlos.chamorro_prag\\Documents\\planning-poker-ts\\planning-poker-ts\\src\\reducers\\user\\userSlice.ts": {"path":"C:\\Users\\carlos.chamorro_prag\\Documents\\planning-poker-ts\\planning-poker-ts\\src\\reducers\\user\\userSlice.ts","statementMap":{"0":{"start":{"line":1,"column":0},"end":{"line":1,"column":62}},"1":{"start":{"line":16,"column":32},"end":{"line":21,"column":2}},"2":{"start":{"line":23,"column":18},"end":{"line":56,"column":2}},"3":{"start":{"line":28,"column":6},"end":{"line":28,"column":64}},"4":{"start":{"line":34,"column":6},"end":{"line":34,"column":35}},"5":{"start":{"line":35,"column":6},"end":{"line":35,"column":39}},"6":{"start":{"line":36,"column":6},"end":{"line":36,"column":48}},"7":{"start":{"line":39,"column":6},"end":{"line":39,"column":35}},"8":{"start":{"line":42,"column":6},"end":{"line":42,"column":26}},"9":{"start":{"line":45,"column":6},"end":{"line":45,"column":20}},"10":{"start":{"line":46,"column":6},"end":{"line":46,"column":22}},"11":{"start":{"line":47,"column":6},"end":{"line":47,"column":32}},"12":{"start":{"line":50,"column":20},"end":{"line":50,"column":57}},"13":{"start":{"line":51,"column":6},"end":{"line":53,"column":48}},"14":{"start":{"line":58,"column":13},"end":{"line":64,"column":null}},"15":{"start":{"line":67,"column":0},"end":{"line":67,"column":33}}},"fnMap":{"0":{"name":"(anonymous_0)","decl":{"start":{"line":27,"column":16},"end":{"line":27,"column":17}},"loc":{"start":{"line":27,"column":26},"end":{"line":29,"column":5}}},"1":{"name":"(anonymous_1)","decl":{"start":{"line":30,"column":20},"end":{"line":30,"column":null}},"loc":{"start":{"line":33,"column":8},"end":{"line":37,"column":5}}},"2":{"name":"(anonymous_2)","decl":{"start":{"line":38,"column":14},"end":{"line":38,"column":15}},"loc":{"start":{"line":38,"column":63},"end":{"line":40,"column":5}}},"3":{"name":"(anonymous_3)","decl":{"start":{"line":41,"column":16},"end":{"line":41,"column":17}},"loc":{"start":{"line":41,"column":26},"end":{"line":43,"column":5}}},"4":{"name":"(anonymous_4)","decl":{"start":{"line":44,"column":24},"end":{"line":44,"column":25}},"loc":{"start":{"line":44,"column":34},"end":{"line":48,"column":5}}},"5":{"name":"(anonymous_5)","decl":{"start":{"line":49,"column":24},"end":{"line":49,"column":25}},"loc":{"start":{"line":49,"column":34},"end":{"line":54,"column":5}}}},"branchMap":{"0":{"loc":{"start":{"line":51,"column":6},"end":{"line":53,"column":47}},"type":"cond-expr","locations":[{"start":{"line":52,"column":10},"end":{"line":52,"column":44}},{"start":{"line":53,"column":10},"end":{"line":53,"column":47}}]}},"s":{"0":0,"1":0,"2":0,"3":0,"4":0,"5":0,"6":0,"7":0,"8":0,"9":0,"10":0,"11":0,"12":0,"13":0,"14":0,"15":0},"f":{"0":0,"1":0,"2":0,"3":0,"4":0,"5":0},"b":{"0":[0,0]}}
,"C:\\Users\\carlos.chamorro_prag\\Documents\\planning-poker-ts\\planning-poker-ts\\src\\utils\\index.ts": {"path":"C:\\Users\\carlos.chamorro_prag\\Documents\\planning-poker-ts\\planning-poker-ts\\src\\utils\\index.ts","statementMap":{"0":{"start":{"line":2,"column":30},"end":{"line":9,"column":1}},"1":{"start":{"line":7,"column":2},"end":{"line":7,"column":62}},"2":{"start":{"line":7,"column":50},"end":{"line":7,"column":62}},"3":{"start":{"line":8,"column":2},"end":{"line":8,"column":15}},"4":{"start":{"line":13,"column":34},"end":{"line":16,"column":1}},"5":{"start":{"line":14,"column":2},"end":{"line":14,"column":46}},"6":{"start":{"line":14,"column":34},"end":{"line":14,"column":46}},"7":{"start":{"line":15,"column":2},"end":{"line":15,"column":15}},"8":{"start":{"line":20,"column":36},"end":{"line":32,"column":1}},"9":{"start":{"line":24,"column":19},"end":{"line":24,"column":20}},"10":{"start":{"line":25,"column":2},"end":{"line":29,"column":3}},"11":{"start":{"line":25,"column":15},"end":{"line":25,"column":16}},"12":{"start":{"line":26,"column":4},"end":{"line":28,"column":5}},"13":{"start":{"line":27,"column":6},"end":{"line":27,"column":19}},"14":{"start":{"line":30,"column":2},"end":{"line":30,"column":43}},"15":{"start":{"line":30,"column":31},"end":{"line":30,"column":43}},"16":{"start":{"line":31,"column":2},"end":{"line":31,"column":15}},"17":{"start":{"line":36,"column":34},"end":{"line":39,"column":1}},"18":{"start":{"line":37,"column":2},"end":{"line":37,"column":45}},"19":{"start":{"line":37,"column":32},"end":{"line":37,"column":45}},"20":{"start":{"line":38,"column":2},"end":{"line":38,"column":14}},"21":{"start":{"line":41,"column":39},"end":{"line":50,"column":1}},"22":{"start":{"line":42,"column":2},"end":{"line":48,"column":16}},"23":{"start":{"line":48,"column":4},"end":{"line":48,"column":16}},"24":{"start":{"line":49,"column":2},"end":{"line":49,"column":15}},"25":{"start":{"line":41,"column":13},"end":{"line":41,"column":39}}},"fnMap":{"0":{"name":"(anonymous_0)","decl":{"start":{"line":2,"column":30},"end":{"line":2,"column":null}},"loc":{"start":{"line":6,"column":13},"end":{"line":9,"column":1}}},"1":{"name":"(anonymous_1)","decl":{"start":{"line":13,"column":34},"end":{"line":13,"column":35}},"loc":{"start":{"line":13,"column":61},"end":{"line":16,"column":1}}},"2":{"name":"(anonymous_2)","decl":{"start":{"line":20,"column":36},"end":{"line":20,"column":null}},"loc":{"start":{"line":23,"column":13},"end":{"line":32,"column":1}}},"3":{"name":"(anonymous_3)","decl":{"start":{"line":36,"column":34},"end":{"line":36,"column":35}},"loc":{"start":{"line":36,"column":61},"end":{"line":39,"column":1}}},"4":{"name":"(anonymous_4)","decl":{"start":{"line":41,"column":39},"end":{"line":41,"column":40}},"loc":{"start":{"line":41,"column":66},"end":{"line":50,"column":1}}}},"branchMap":{"0":{"loc":{"start":{"line":7,"column":2},"end":{"line":7,"column":62}},"type":"if","locations":[{"start":{"line":7,"column":2},"end":{"line":7,"column":62}}]},"1":{"loc":{"start":{"line":7,"column":6},"end":{"line":7,"column":48}},"type":"binary-expr","locations":[{"start":{"line":7,"column":6},"end":{"line":7,"column":25}},{"start":{"line":7,"column":29},"end":{"line":7,"column":48}}]},"2":{"loc":{"start":{"line":14,"column":2},"end":{"line":14,"column":46}},"type":"if","locations":[{"start":{"line":14,"column":2},"end":{"line":14,"column":46}}]},"3":{"loc":{"start":{"line":26,"column":4},"end":{"line":28,"column":5}},"type":"if","locations":[{"start":{"line":26,"column":4},"end":{"line":28,"column":5}}]},"4":{"loc":{"start":{"line":30,"column":2},"end":{"line":30,"column":43}},"type":"if","locations":[{"start":{"line":30,"column":2},"end":{"line":30,"column":43}}]},"5":{"loc":{"start":{"line":37,"column":2},"end":{"line":37,"column":45}},"type":"if","locations":[{"start":{"line":37,"column":2},"end":{"line":37,"column":45}}]},"6":{"loc":{"start":{"line":42,"column":2},"end":{"line":48,"column":16}},"type":"if","locations":[{"start":{"line":42,"column":2},"end":{"line":48,"column":16}}]},"7":{"loc":{"start":{"line":43,"column":4},"end":{"line":46,"column":36}},"type":"binary-expr","locations":[{"start":{"line":43,"column":4},"end":{"line":43,"column":39}},{"start":{"line":44,"column":4},"end":{"line":44,"column":36}},{"start":{"line":45,"column":4},"end":{"line":45,"column":41}},{"start":{"line":46,"column":4},"end":{"line":46,"column":36}}]}},"s":{"0":0,"1":0,"2":0,"3":0,"4":0,"5":0,"6":0,"7":0,"8":0,"9":0,"10":0,"11":0,"12":0,"13":0,"14":0,"15":0,"16":0,"17":0,"18":0,"19":0,"20":0,"21":0,"22":0,"23":0,"24":0,"25":0},"f":{"0":0,"1":0,"2":0,"3":0,"4":0},"b":{"0":[0],"1":[0,0],"2":[0],"3":[0],"4":[0],"5":[0],"6":[0],"7":[0,0,0,0]}}
}
